# JRE version: OpenJDK Runtime Environment Temurin-11.0.12+7 (11.0.12+7) (build 11.0.12+7)
# Java VM: OpenJDK 64-Bit Server VM Temurin-11.0.12+7 (11.0.12+7, mixed mode, tiered, compressed oops, parallel gc, bsd-amd64)
Heap:
 PSYoungGen      total 22528K, used 405K [0x00000007eab00000, 0x00000007ec280000, 0x0000000800000000)
  eden space 20480K, 1% used [0x00000007eab00000,0x00000007eab65498,0x00000007ebf00000)
  from space 2048K, 0% used [0x00000007ebf80000,0x00000007ebf80000,0x00000007ec180000)
  to   space 1024K, 0% used [0x00000007ec180000,0x00000007ec180000,0x00000007ec280000)
 ParOldGen       total 68608K, used 24548K [0x00000007c0000000, 0x00000007c4300000, 0x00000007eab00000)
  object space 68608K, 35% used [0x00000007c0000000,0x00000007c17f90f8,0x00000007c4300000)
 Metaspace       used 33112K, capacity 35177K, committed 35672K, reserved 1081344K
  class space    used 3154K, capacity 3860K, committed 3968K, reserved 1048576K
GC Heap History (20 events):
Event: 3.013 GC heap before
{Heap before GC invocations=8 (full 1):
 PSYoungGen      total 27136K, used 27106K [0x00000007eab00000, 0x00000007ec900000, 0x0000000800000000)
  eden space 24576K, 100% used [0x00000007eab00000,0x00000007ec300000,0x00000007ec300000)
  from space 2560K, 98% used [0x00000007ec600000,0x00000007ec878aa0,0x00000007ec880000)
  to   space 3072K, 0% used [0x00000007ec300000,0x00000007ec300000,0x00000007ec600000)
 ParOldGen       total 68608K, used 6281K [0x00000007c0000000, 0x00000007c4300000, 0x00000007eab00000)
  object space 68608K, 9% used [0x00000007c0000000,0x00000007c06224f8,0x00000007c4300000)
 Metaspace       used 30636K, capacity 32594K, committed 32896K, reserved 1079296K
  class space    used 2971K, capacity 3682K, committed 3712K, reserved 1048576K
}
Event: 3.016 GC heap after
{Heap after GC invocations=8 (full 1):
 PSYoungGen      total 27136K, used 3057K [0x00000007eab00000, 0x00000007ecb80000, 0x0000000800000000)
  eden space 24064K, 0% used [0x00000007eab00000,0x00000007eab00000,0x00000007ec280000)
  from space 3072K, 99% used [0x00000007ec300000,0x00000007ec5fc640,0x00000007ec600000)
  to   space 4608K, 0% used [0x00000007ec700000,0x00000007ec700000,0x00000007ecb80000)
 ParOldGen       total 68608K, used 7350K [0x00000007c0000000, 0x00000007c4300000, 0x00000007eab00000)
  object space 68608K, 10% used [0x00000007c0000000,0x00000007c072d8b0,0x00000007c4300000)
 Metaspace       used 30636K, capacity 32594K, committed 32896K, reserved 1079296K
  class space    used 2971K, capacity 3682K, committed 3712K, reserved 1048576K
}
Event: 3.149 GC heap before
{Heap before GC invocations=9 (full 1):
 PSYoungGen      total 27136K, used 27121K [0x00000007eab00000, 0x00000007ecb80000, 0x0000000800000000)
  eden space 24064K, 100% used [0x00000007eab00000,0x00000007ec280000,0x00000007ec280000)
  from space 3072K, 99% used [0x00000007ec300000,0x00000007ec5fc640,0x00000007ec600000)
  to   space 4608K, 0% used [0x00000007ec700000,0x00000007ec700000,0x00000007ecb80000)
 ParOldGen       total 68608K, used 7350K [0x00000007c0000000, 0x00000007c4300000, 0x00000007eab00000)
  object space 68608K, 10% used [0x00000007c0000000,0x00000007c072d8b0,0x00000007c4300000)
 Metaspace       used 30828K, capacity 32749K, committed 32896K, reserved 1079296K
  class space    used 2989K, capacity 3691K, committed 3712K, reserved 1048576K
}
Event: 3.163 GC heap after
{Heap after GC invocations=9 (full 1):
 PSYoungGen      total 27648K, used 4593K [0x00000007eab00000, 0x00000007ecd00000, 0x0000000800000000)
  eden space 23040K, 0% used [0x00000007eab00000,0x00000007eab00000,0x00000007ec180000)
  from space 4608K, 99% used [0x00000007ec700000,0x00000007ecb7c640,0x00000007ecb80000)
  to   space 5632K, 0% used [0x00000007ec180000,0x00000007ec180000,0x00000007ec700000)
 ParOldGen       total 68608K, used 7990K [0x00000007c0000000, 0x00000007c4300000, 0x00000007eab00000)
  object space 68608K, 11% used [0x00000007c0000000,0x00000007c07cd8b0,0x00000007c4300000)
 Metaspace       used 30828K, capacity 32749K, committed 32896K, reserved 1079296K
  class space    used 2989K, capacity 3691K, committed 3712K, reserved 1048576K
}
Event: 3.216 GC heap before
{Heap before GC invocations=10 (full 1):
 PSYoungGen      total 27648K, used 27633K [0x00000007eab00000, 0x00000007ecd00000, 0x0000000800000000)
  eden space 23040K, 100% used [0x00000007eab00000,0x00000007ec180000,0x00000007ec180000)
  from space 4608K, 99% used [0x00000007ec700000,0x00000007ecb7c640,0x00000007ecb80000)
  to   space 5632K, 0% used [0x00000007ec180000,0x00000007ec180000,0x00000007ec700000)
 ParOldGen       total 68608K, used 7990K [0x00000007c0000000, 0x00000007c4300000, 0x00000007eab00000)
  object space 68608K, 11% used [0x00000007c0000000,0x00000007c07cd8b0,0x00000007c4300000)
 Metaspace       used 30860K, capacity 32813K, committed 33152K, reserved 1079296K
  class space    used 2989K, capacity 3691K, committed 3712K, reserved 1048576K
}
Event: 3.220 GC heap after
{Heap after GC invocations=10 (full 1):
 PSYoungGen      total 27648K, used 4785K [0x00000007eab00000, 0x00000007ecb00000, 0x0000000800000000)
  eden space 22528K, 0% used [0x00000007eab00000,0x00000007eab00000,0x00000007ec100000)
  from space 5120K, 93% used [0x00000007ec180000,0x00000007ec62c6e8,0x00000007ec680000)
  to   space 4608K, 0% used [0x00000007ec680000,0x00000007ec680000,0x00000007ecb00000)
 ParOldGen       total 68608K, used 9956K [0x00000007c0000000, 0x00000007c4300000, 0x00000007eab00000)
  object space 68608K, 14% used [0x00000007c0000000,0x00000007c09b9358,0x00000007c4300000)
 Metaspace       used 30860K, capacity 32813K, committed 33152K, reserved 1079296K
  class space    used 2989K, capacity 3691K, committed 3712K, reserved 1048576K
}
Event: 3.295 GC heap before
{Heap before GC invocations=11 (full 1):
 PSYoungGen      total 27648K, used 27313K [0x00000007eab00000, 0x00000007ecb00000, 0x0000000800000000)
  eden space 22528K, 100% used [0x00000007eab00000,0x00000007ec100000,0x00000007ec100000)
  from space 5120K, 93% used [0x00000007ec180000,0x00000007ec62c6e8,0x00000007ec680000)
  to   space 4608K, 0% used [0x00000007ec680000,0x00000007ec680000,0x00000007ecb00000)
 ParOldGen       total 68608K, used 9956K [0x00000007c0000000, 0x00000007c4300000, 0x00000007eab00000)
  object space 68608K, 14% used [0x00000007c0000000,0x00000007c09b9358,0x00000007c4300000)
 Metaspace       used 31028K, capacity 33005K, committed 33152K, reserved 1079296K
  class space    used 3002K, capacity 3691K, committed 3712K, reserved 1048576K
}
Event: 3.300 GC heap after
{Heap after GC invocations=11 (full 1):
 PSYoungGen      total 25088K, used 4594K [0x00000007eab00000, 0x00000007ecf80000, 0x0000000800000000)
  eden space 20480K, 0% used [0x00000007eab00000,0x00000007eab00000,0x00000007ebf00000)
  from space 4608K, 99% used [0x00000007ec680000,0x00000007ecafcb38,0x00000007ecb00000)
  to   space 7680K, 0% used [0x00000007ebf00000,0x00000007ebf00000,0x00000007ec680000)
 ParOldGen       total 68608K, used 12544K [0x00000007c0000000, 0x00000007c4300000, 0x00000007eab00000)
  object space 68608K, 18% used [0x00000007c0000000,0x00000007c0c40108,0x00000007c4300000)
 Metaspace       used 31028K, capacity 33005K, committed 33152K, reserved 1079296K
  class space    used 3002K, capacity 3691K, committed 3712K, reserved 1048576K
}
Event: 3.360 GC heap before
{Heap before GC invocations=12 (full 1):
 PSYoungGen      total 25088K, used 25074K [0x00000007eab00000, 0x00000007ecf80000, 0x0000000800000000)
  eden space 20480K, 100% used [0x00000007eab00000,0x00000007ebf00000,0x00000007ebf00000)
  from space 4608K, 99% used [0x00000007ec680000,0x00000007ecafcb38,0x00000007ecb00000)
  to   space 7680K, 0% used [0x00000007ebf00000,0x00000007ebf00000,0x00000007ec680000)
 ParOldGen       total 68608K, used 12544K [0x00000007c0000000, 0x00000007c4300000, 0x00000007eab00000)
  object space 68608K, 18% used [0x00000007c0000000,0x00000007c0c40108,0x00000007c4300000)
 Metaspace       used 31028K, capacity 33005K, committed 33152K, reserved 1079296K
  class space    used 3002K, capacity 3691K, committed 3712K, reserved 1048576K
}
Event: 3.366 GC heap after
{Heap after GC invocations=12 (full 1):
 PSYoungGen      total 23040K, used 2336K [0x00000007eab00000, 0x00000007ec800000, 0x0000000800000000)
  eden space 20480K, 0% used [0x00000007eab00000,0x00000007eab00000,0x00000007ebf00000)
  from space 2560K, 91% used [0x00000007ebf00000,0x00000007ec148010,0x00000007ec180000)
  to   space 4608K, 0% used [0x00000007ec380000,0x00000007ec380000,0x00000007ec800000)
 ParOldGen       total 68608K, used 17006K [0x00000007c0000000, 0x00000007c4300000, 0x00000007eab00000)
  object space 68608K, 24% used [0x00000007c0000000,0x00000007c109b980,0x00000007c4300000)
 Metaspace       used 31028K, capacity 33005K, committed 33152K, reserved 1079296K
  class space    used 3002K, capacity 3691K, committed 3712K, reserved 1048576K
}
Event: 3.404 GC heap before
{Heap before GC invocations=13 (full 1):
 PSYoungGen      total 23040K, used 22816K [0x00000007eab00000, 0x00000007ec800000, 0x0000000800000000)
  eden space 20480K, 100% used [0x00000007eab00000,0x00000007ebf00000,0x00000007ebf00000)
  from space 2560K, 91% used [0x00000007ebf00000,0x00000007ec148010,0x00000007ec180000)
  to   space 4608K, 0% used [0x00000007ec380000,0x00000007ec380000,0x00000007ec800000)
 ParOldGen       total 68608K, used 17006K [0x00000007c0000000, 0x00000007c4300000, 0x00000007eab00000)
  object space 68608K, 24% used [0x00000007c0000000,0x00000007c109b980,0x00000007c4300000)
 Metaspace       used 31028K, capacity 33005K, committed 33152K, reserved 1079296K
  class space    used 3002K, capacity 3691K, committed 3712K, reserved 1048576K
}
Event: 3.408 GC heap after
{Heap after GC invocations=13 (full 1):
 PSYoungGen      total 23040K, used 2176K [0x00000007eab00000, 0x00000007ec600000, 0x0000000800000000)
  eden space 20480K, 0% used [0x00000007eab00000,0x00000007eab00000,0x00000007ebf00000)
  from space 2560K, 85% used [0x00000007ec380000,0x00000007ec5a0000,0x00000007ec600000)
  to   space 2560K, 0% used [0x00000007ebf00000,0x00000007ebf00000,0x00000007ec180000)
 ParOldGen       total 68608K, used 19310K [0x00000007c0000000, 0x00000007c4300000, 0x00000007eab00000)
  object space 68608K, 28% used [0x00000007c0000000,0x00000007c12db990,0x00000007c4300000)
 Metaspace       used 31028K, capacity 33005K, committed 33152K, reserved 1079296K
  class space    used 3002K, capacity 3691K, committed 3712K, reserved 1048576K
}
Event: 3.478 GC heap before
{Heap before GC invocations=14 (full 1):
 PSYoungGen      total 23040K, used 22656K [0x00000007eab00000, 0x00000007ec600000, 0x0000000800000000)
  eden space 20480K, 100% used [0x00000007eab00000,0x00000007ebf00000,0x00000007ebf00000)
  from space 2560K, 85% used [0x00000007ec380000,0x00000007ec5a0000,0x00000007ec600000)
  to   space 2560K, 0% used [0x00000007ebf00000,0x00000007ebf00000,0x00000007ec180000)
 ParOldGen       total 68608K, used 19310K [0x00000007c0000000, 0x00000007c4300000, 0x00000007eab00000)
  object space 68608K, 28% used [0x00000007c0000000,0x00000007c12db990,0x00000007c4300000)
 Metaspace       used 31105K, capacity 33046K, committed 33280K, reserved 1079296K
  class space    used 3010K, capacity 3726K, committed 3840K, reserved 1048576K
}
Event: 3.482 GC heap after
{Heap after GC invocations=14 (full 1):
 PSYoungGen      total 23040K, used 2496K [0x00000007eab00000, 0x00000007ec500000, 0x0000000800000000)
  eden space 20480K, 0% used [0x00000007eab00000,0x00000007eab00000,0x00000007ebf00000)
  from space 2560K, 97% used [0x00000007ebf00000,0x00000007ec170000,0x00000007ec180000)
  to   space 3072K, 0% used [0x00000007ec200000,0x00000007ec200000,0x00000007ec500000)
 ParOldGen       total 68608K, used 21412K [0x00000007c0000000, 0x00000007c4300000, 0x00000007eab00000)
  object space 68608K, 31% used [0x00000007c0000000,0x00000007c14e9210,0x00000007c4300000)
 Metaspace       used 31105K, capacity 33046K, committed 33280K, reserved 1079296K
  class space    used 3010K, capacity 3726K, committed 3840K, reserved 1048576K
}
Event: 3.592 GC heap before
{Heap before GC invocations=15 (full 1):
 PSYoungGen      total 23040K, used 22976K [0x00000007eab00000, 0x00000007ec500000, 0x0000000800000000)
  eden space 20480K, 100% used [0x00000007eab00000,0x00000007ebf00000,0x00000007ebf00000)
  from space 2560K, 97% used [0x00000007ebf00000,0x00000007ec170000,0x00000007ec180000)
  to   space 3072K, 0% used [0x00000007ec200000,0x00000007ec200000,0x00000007ec500000)
 ParOldGen       total 68608K, used 21412K [0x00000007c0000000, 0x00000007c4300000, 0x00000007eab00000)
  object space 68608K, 31% used [0x00000007c0000000,0x00000007c14e9210,0x00000007c4300000)
 Metaspace       used 32642K, capacity 34761K, committed 35072K, reserved 1081344K
  class space    used 3105K, capacity 3828K, committed 3840K, reserved 1048576K
}
Event: 3.595 GC heap after
{Heap after GC invocations=15 (full 1):
 PSYoungGen      total 22016K, used 1123K [0x00000007eab00000, 0x00000007ec380000, 0x0000000800000000)
  eden space 20480K, 0% used [0x00000007eab00000,0x00000007eab00000,0x00000007ebf00000)
  from space 1536K, 73% used [0x00000007ec200000,0x00000007ec318e58,0x00000007ec380000)
  to   space 2048K, 0% used [0x00000007ebf80000,0x00000007ebf80000,0x00000007ec180000)
 ParOldGen       total 68608K, used 23849K [0x00000007c0000000, 0x00000007c4300000, 0x00000007eab00000)
  object space 68608K, 34% used [0x00000007c0000000,0x00000007c174a568,0x00000007c4300000)
 Metaspace       used 32642K, capacity 34761K, committed 35072K, reserved 1081344K
  class space    used 3105K, capacity 3828K, committed 3840K, reserved 1048576K
}
Event: 3.617 GC heap before
{Heap before GC invocations=16 (full 1):
 PSYoungGen      total 22016K, used 4609K [0x00000007eab00000, 0x00000007ec380000, 0x0000000800000000)
  eden space 20480K, 17% used [0x00000007eab00000,0x00000007eae675d8,0x00000007ebf00000)
  from space 1536K, 73% used [0x00000007ec200000,0x00000007ec318e58,0x00000007ec380000)
  to   space 2048K, 0% used [0x00000007ebf80000,0x00000007ebf80000,0x00000007ec180000)
 ParOldGen       total 68608K, used 23849K [0x00000007c0000000, 0x00000007c4300000, 0x00000007eab00000)
  object space 68608K, 34% used [0x00000007c0000000,0x00000007c174a568,0x00000007c4300000)
 Metaspace       used 33095K, capacity 35113K, committed 35416K, reserved 1081344K
  class space    used 3154K, capacity 3860K, committed 3968K, reserved 1048576K
}
Event: 3.623 GC heap after
{Heap after GC invocations=16 (full 1):
 PSYoungGen      total 22528K, used 96K [0x00000007eab00000, 0x00000007ec280000, 0x0000000800000000)
  eden space 20480K, 0% used [0x00000007eab00000,0x00000007eab00000,0x00000007ebf00000)
  from space 2048K, 4% used [0x00000007ebf80000,0x00000007ebf98000,0x00000007ec180000)
  to   space 1024K, 0% used [0x00000007ec180000,0x00000007ec180000,0x00000007ec280000)
 ParOldGen       total 68608K, used 24923K [0x00000007c0000000, 0x00000007c4300000, 0x00000007eab00000)
  object space 68608K, 36% used [0x00000007c0000000,0x00000007c1856fd8,0x00000007c4300000)
 Metaspace       used 33095K, capacity 35113K, committed 35416K, reserved 1081344K
  class space    used 3154K, capacity 3860K, committed 3968K, reserved 1048576K
}
Event: 3.623 GC heap before
{Heap before GC invocations=17 (full 2):
 PSYoungGen      total 22528K, used 96K [0x00000007eab00000, 0x00000007ec280000, 0x0000000800000000)
  eden space 20480K, 0% used [0x00000007eab00000,0x00000007eab00000,0x00000007ebf00000)
  from space 2048K, 4% used [0x00000007ebf80000,0x00000007ebf98000,0x00000007ec180000)
  to   space 1024K, 0% used [0x00000007ec180000,0x00000007ec180000,0x00000007ec280000)
 ParOldGen       total 68608K, used 24923K [0x00000007c0000000, 0x00000007c4300000, 0x00000007eab00000)
  object space 68608K, 36% used [0x00000007c0000000,0x00000007c1856fd8,0x00000007c4300000)
 Metaspace       used 33095K, capacity 35113K, committed 35416K, reserved 1081344K
  class space    used 3154K, capacity 3860K, committed 3968K, reserved 1048576K
}
Event: 3.741 GC heap after
{Heap after GC invocations=17 (full 2):
 PSYoungGen      total 22528K, used 0K [0x00000007eab00000, 0x00000007ec280000, 0x0000000800000000)
  eden space 20480K, 0% used [0x00000007eab00000,0x00000007eab00000,0x00000007ebf00000)
  from space 2048K, 0% used [0x00000007ebf80000,0x00000007ebf80000,0x00000007ec180000)
  to   space 1024K, 0% used [0x00000007ec180000,0x00000007ec180000,0x00000007ec280000)
 ParOldGen       total 68608K, used 24548K [0x00000007c0000000, 0x00000007c4300000, 0x00000007eab00000)
  object space 68608K, 35% used [0x00000007c0000000,0x00000007c17f90f8,0x00000007c4300000)
 Metaspace       used 33095K, capacity 35113K, committed 35416K, reserved 1081344K
  class space    used 3154K, capacity 3860K, committed 3968K, reserved 1048576K
}

